# JRE version: OpenJDK Runtime Environment Microsoft-25199 (11.0.12+7) (build 11.0.12+7)
# Java VM: OpenJDK 64-Bit Server VM Microsoft-25199 (11.0.12+7, mixed mode, tiered, compressed oops, parallel gc, windows-amd64)
Heap:
 PSYoungGen      total 22528K, used 12K [0x00000000eab00000, 0x00000000ec700000, 0x0000000100000000)
  eden space 22016K, 0% used [0x00000000eab00000,0x00000000eab030b0,0x00000000ec080000)
  from space 512K, 0% used [0x00000000ec300000,0x00000000ec300000,0x00000000ec380000)
  to   space 1536K, 0% used [0x00000000ec580000,0x00000000ec580000,0x00000000ec700000)
 ParOldGen       total 68608K, used 32060K [0x00000000c0000000, 0x00000000c4300000, 0x00000000eab00000)
  object space 68608K, 46% used [0x00000000c0000000,0x00000000c1f4f328,0x00000000c4300000)
 Metaspace       used 33326K, capacity 35354K, committed 35584K, reserved 1081344K
  class space    used 3142K, capacity 3809K, committed 3840K, reserved 1048576K
GC Heap History (20 events):
Event: 2.831 GC heap before
{Heap before GC invocations=6 (full 1):
 PSYoungGen      total 29696K, used 28355K [0x00000000eab00000, 0x00000000ecc00000, 0x0000000100000000)
  eden space 25600K, 100% used [0x00000000eab00000,0x00000000ec400000,0x00000000ec400000)
  from space 4096K, 67% used [0x00000000ec800000,0x00000000ecab0c68,0x00000000ecc00000)
  to   space 4096K, 0% used [0x00000000ec400000,0x00000000ec400000,0x00000000ec800000)
 ParOldGen       total 68608K, used 13461K [0x00000000c0000000, 0x00000000c4300000, 0x00000000eab00000)
  object space 68608K, 19% used [0x00000000c0000000,0x00000000c0d25508,0x00000000c4300000)
 Metaspace       used 29314K, capacity 31039K, committed 31104K, reserved 1077248K
  class space    used 2800K, capacity 3419K, committed 3456K, reserved 1048576K
}
Event: 2.834 GC heap after
{Heap after GC invocations=6 (full 1):
 PSYoungGen      total 28672K, used 3417K [0x00000000eab00000, 0x00000000eca80000, 0x0000000100000000)
  eden space 25088K, 0% used [0x00000000eab00000,0x00000000eab00000,0x00000000ec380000)
  from space 3584K, 95% used [0x00000000ec400000,0x00000000ec756620,0x00000000ec780000)
  to   space 3072K, 0% used [0x00000000ec780000,0x00000000ec780000,0x00000000eca80000)
 ParOldGen       total 68608K, used 13469K [0x00000000c0000000, 0x00000000c4300000, 0x00000000eab00000)
  object space 68608K, 19% used [0x00000000c0000000,0x00000000c0d27508,0x00000000c4300000)
 Metaspace       used 29314K, capacity 31039K, committed 31104K, reserved 1077248K
  class space    used 2800K, capacity 3419K, committed 3456K, reserved 1048576K
}
Event: 2.960 GC heap before
{Heap before GC invocations=7 (full 1):
 PSYoungGen      total 28672K, used 28505K [0x00000000eab00000, 0x00000000eca80000, 0x0000000100000000)
  eden space 25088K, 100% used [0x00000000eab00000,0x00000000ec380000,0x00000000ec380000)
  from space 3584K, 95% used [0x00000000ec400000,0x00000000ec756620,0x00000000ec780000)
  to   space 3072K, 0% used [0x00000000ec780000,0x00000000ec780000,0x00000000eca80000)
 ParOldGen       total 68608K, used 13469K [0x00000000c0000000, 0x00000000c4300000, 0x00000000eab00000)
  object space 68608K, 19% used [0x00000000c0000000,0x00000000c0d27508,0x00000000c4300000)
 Metaspace       used 30146K, capacity 31920K, committed 32256K, reserved 1077248K
  class space    used 2873K, capacity 3498K, committed 3584K, reserved 1048576K
}
Event: 2.962 GC heap after
{Heap after GC invocations=7 (full 1):
 PSYoungGen      total 27648K, used 3062K [0x00000000eab00000, 0x00000000ecc00000, 0x0000000100000000)
  eden space 24576K, 0% used [0x00000000eab00000,0x00000000eab00000,0x00000000ec300000)
  from space 3072K, 99% used [0x00000000ec780000,0x00000000eca7db80,0x00000000eca80000)
  to   space 4608K, 0% used [0x00000000ec300000,0x00000000ec300000,0x00000000ec780000)
 ParOldGen       total 68608K, used 14545K [0x00000000c0000000, 0x00000000c4300000, 0x00000000eab00000)
  object space 68608K, 21% used [0x00000000c0000000,0x00000000c0e34518,0x00000000c4300000)
 Metaspace       used 30146K, capacity 31920K, committed 32256K, reserved 1077248K
  class space    used 2873K, capacity 3498K, committed 3584K, reserved 1048576K
}
Event: 3.075 GC heap before
{Heap before GC invocations=8 (full 1):
 PSYoungGen      total 27648K, used 27638K [0x00000000eab00000, 0x00000000ecc00000, 0x0000000100000000)
  eden space 24576K, 100% used [0x00000000eab00000,0x00000000ec300000,0x00000000ec300000)
  from space 3072K, 99% used [0x00000000ec780000,0x00000000eca7db80,0x00000000eca80000)
  to   space 4608K, 0% used [0x00000000ec300000,0x00000000ec300000,0x00000000ec780000)
 ParOldGen       total 68608K, used 14545K [0x00000000c0000000, 0x00000000c4300000, 0x00000000eab00000)
  object space 68608K, 21% used [0x00000000c0000000,0x00000000c0e34518,0x00000000c4300000)
 Metaspace       used 30844K, capacity 32702K, committed 32896K, reserved 1079296K
  class space    used 2954K, capacity 3608K, committed 3712K, reserved 1048576K
}
Event: 3.079 GC heap after
{Heap after GC invocations=8 (full 1):
 PSYoungGen      total 28672K, used 4598K [0x00000000eab00000, 0x00000000ecd80000, 0x0000000100000000)
  eden space 24064K, 0% used [0x00000000eab00000,0x00000000eab00000,0x00000000ec280000)
  from space 4608K, 99% used [0x00000000ec300000,0x00000000ec77db90,0x00000000ec780000)
  to   space 5632K, 0% used [0x00000000ec800000,0x00000000ec800000,0x00000000ecd80000)
 ParOldGen       total 68608K, used 15289K [0x00000000c0000000, 0x00000000c4300000, 0x00000000eab00000)
  object space 68608K, 22% used [0x00000000c0000000,0x00000000c0eee558,0x00000000c4300000)
 Metaspace       used 30844K, capacity 32702K, committed 32896K, reserved 1079296K
  class space    used 2954K, capacity 3608K, committed 3712K, reserved 1048576K
}
Event: 3.146 GC heap before
{Heap before GC invocations=9 (full 1):
 PSYoungGen      total 28672K, used 28662K [0x00000000eab00000, 0x00000000ecd80000, 0x0000000100000000)
  eden space 24064K, 99% used [0x00000000eab00000,0x00000000ec27ffd8,0x00000000ec280000)
  from space 4608K, 99% used [0x00000000ec300000,0x00000000ec77db90,0x00000000ec780000)
  to   space 5632K, 0% used [0x00000000ec800000,0x00000000ec800000,0x00000000ecd80000)
 ParOldGen       total 68608K, used 15289K [0x00000000c0000000, 0x00000000c4300000, 0x00000000eab00000)
  object space 68608K, 22% used [0x00000000c0000000,0x00000000c0eee558,0x00000000c4300000)
 Metaspace       used 30900K, capacity 32702K, committed 32896K, reserved 1079296K
  class space    used 2955K, capacity 3608K, committed 3712K, reserved 1048576K
}
Event: 3.157 GC heap after
{Heap after GC invocations=9 (full 1):
 PSYoungGen      total 28672K, used 4894K [0x00000000eab00000, 0x00000000ecd00000, 0x0000000100000000)
  eden space 23552K, 0% used [0x00000000eab00000,0x00000000eab00000,0x00000000ec200000)
  from space 5120K, 95% used [0x00000000ec800000,0x00000000eccc7848,0x00000000ecd00000)
  to   space 5120K, 0% used [0x00000000ec300000,0x00000000ec300000,0x00000000ec800000)
 ParOldGen       total 68608K, used 17337K [0x00000000c0000000, 0x00000000c4300000, 0x00000000eab00000)
  object space 68608K, 25% used [0x00000000c0000000,0x00000000c10ee460,0x00000000c4300000)
 Metaspace       used 30900K, capacity 32702K, committed 32896K, reserved 1079296K
  class space    used 2955K, capacity 3608K, committed 3712K, reserved 1048576K
}
Event: 3.233 GC heap before
{Heap before GC invocations=10 (full 1):
 PSYoungGen      total 28672K, used 28446K [0x00000000eab00000, 0x00000000ecd00000, 0x0000000100000000)
  eden space 23552K, 100% used [0x00000000eab00000,0x00000000ec200000,0x00000000ec200000)
  from space 5120K, 95% used [0x00000000ec800000,0x00000000eccc7848,0x00000000ecd00000)
  to   space 5120K, 0% used [0x00000000ec300000,0x00000000ec300000,0x00000000ec800000)
 ParOldGen       total 68608K, used 17337K [0x00000000c0000000, 0x00000000c4300000, 0x00000000eab00000)
  object space 68608K, 25% used [0x00000000c0000000,0x00000000c10ee460,0x00000000c4300000)
 Metaspace       used 31073K, capacity 32894K, committed 33152K, reserved 1079296K
  class space    used 2968K, capacity 3608K, committed 3712K, reserved 1048576K
}
Event: 3.237 GC heap after
{Heap after GC invocations=10 (full 1):
 PSYoungGen      total 28160K, used 5106K [0x00000000eab00000, 0x00000000ed180000, 0x0000000100000000)
  eden space 23040K, 0% used [0x00000000eab00000,0x00000000eab00000,0x00000000ec180000)
  from space 5120K, 99% used [0x00000000ec300000,0x00000000ec7fcb38,0x00000000ec800000)
  to   space 8192K, 0% used [0x00000000ec980000,0x00000000ec980000,0x00000000ed180000)
 ParOldGen       total 68608K, used 19575K [0x00000000c0000000, 0x00000000c4300000, 0x00000000eab00000)
  object space 68608K, 28% used [0x00000000c0000000,0x00000000c131dd90,0x00000000c4300000)
 Metaspace       used 31073K, capacity 32894K, committed 33152K, reserved 1079296K
  class space    used 2968K, capacity 3608K, committed 3712K, reserved 1048576K
}
Event: 3.272 GC heap before
{Heap before GC invocations=11 (full 1):
 PSYoungGen      total 28160K, used 28146K [0x00000000eab00000, 0x00000000ed180000, 0x0000000100000000)
  eden space 23040K, 100% used [0x00000000eab00000,0x00000000ec180000,0x00000000ec180000)
  from space 5120K, 99% used [0x00000000ec300000,0x00000000ec7fcb38,0x00000000ec800000)
  to   space 8192K, 0% used [0x00000000ec980000,0x00000000ec980000,0x00000000ed180000)
 ParOldGen       total 68608K, used 19575K [0x00000000c0000000, 0x00000000c4300000, 0x00000000eab00000)
  object space 68608K, 28% used [0x00000000c0000000,0x00000000c131dd90,0x00000000c4300000)
 Metaspace       used 31073K, capacity 32894K, committed 33152K, reserved 1079296K
  class space    used 2968K, capacity 3608K, committed 3712K, reserved 1048576K
}
Event: 3.276 GC heap after
{Heap after GC invocations=11 (full 1):
 PSYoungGen      total 27648K, used 4768K [0x00000000eab00000, 0x00000000ece80000, 0x0000000100000000)
  eden space 22528K, 0% used [0x00000000eab00000,0x00000000eab00000,0x00000000ec100000)
  from space 5120K, 93% used [0x00000000ec980000,0x00000000ece28020,0x00000000ece80000)
  to   space 6144K, 0% used [0x00000000ec280000,0x00000000ec280000,0x00000000ec880000)
 ParOldGen       total 68608K, used 22542K [0x00000000c0000000, 0x00000000c4300000, 0x00000000eab00000)
  object space 68608K, 32% used [0x00000000c0000000,0x00000000c1603948,0x00000000c4300000)
 Metaspace       used 31073K, capacity 32894K, committed 33152K, reserved 1079296K
  class space    used 2968K, capacity 3608K, committed 3712K, reserved 1048576K
}
Event: 3.321 GC heap before
{Heap before GC invocations=12 (full 1):
 PSYoungGen      total 27648K, used 27296K [0x00000000eab00000, 0x00000000ece80000, 0x0000000100000000)
  eden space 22528K, 100% used [0x00000000eab00000,0x00000000ec100000,0x00000000ec100000)
  from space 5120K, 93% used [0x00000000ec980000,0x00000000ece28020,0x00000000ece80000)
  to   space 6144K, 0% used [0x00000000ec280000,0x00000000ec280000,0x00000000ec880000)
 ParOldGen       total 68608K, used 22542K [0x00000000c0000000, 0x00000000c4300000, 0x00000000eab00000)
  object space 68608K, 32% used [0x00000000c0000000,0x00000000c1603948,0x00000000c4300000)
 Metaspace       used 31073K, capacity 32894K, committed 33152K, reserved 1079296K
  class space    used 2968K, capacity 3608K, committed 3712K, reserved 1048576K
}
Event: 3.332 GC heap after
{Heap after GC invocations=12 (full 1):
 PSYoungGen      total 24576K, used 2496K [0x00000000eab00000, 0x00000000eca00000, 0x0000000100000000)
  eden space 22016K, 0% used [0x00000000eab00000,0x00000000eab00000,0x00000000ec080000)
  from space 2560K, 97% used [0x00000000ec280000,0x00000000ec4f0000,0x00000000ec500000)
  to   space 3584K, 0% used [0x00000000ec680000,0x00000000ec680000,0x00000000eca00000)
 ParOldGen       total 68608K, used 27190K [0x00000000c0000000, 0x00000000c4300000, 0x00000000eab00000)
  object space 68608K, 39% used [0x00000000c0000000,0x00000000c1a8da00,0x00000000c4300000)
 Metaspace       used 31073K, capacity 32894K, committed 33152K, reserved 1079296K
  class space    used 2968K, capacity 3608K, committed 3712K, reserved 1048576K
}
Event: 3.552 GC heap before
{Heap before GC invocations=13 (full 1):
 PSYoungGen      total 24576K, used 24512K [0x00000000eab00000, 0x00000000eca00000, 0x0000000100000000)
  eden space 22016K, 100% used [0x00000000eab00000,0x00000000ec080000,0x00000000ec080000)
  from space 2560K, 97% used [0x00000000ec280000,0x00000000ec4f0000,0x00000000ec500000)
  to   space 3584K, 0% used [0x00000000ec680000,0x00000000ec680000,0x00000000eca00000)
 ParOldGen       total 68608K, used 27190K [0x00000000c0000000, 0x00000000c4300000, 0x00000000eab00000)
  object space 68608K, 39% used [0x00000000c0000000,0x00000000c1a8da00,0x00000000c4300000)
 Metaspace       used 32581K, capacity 34586K, committed 34816K, reserved 1081344K
  class space    used 3076K, capacity 3745K, committed 3840K, reserved 1048576K
}
Event: 3.555 GC heap after
{Heap after GC invocations=13 (full 1):
 PSYoungGen      total 25600K, used 3291K [0x00000000eab00000, 0x00000000eca00000, 0x0000000100000000)
  eden space 22016K, 0% used [0x00000000eab00000,0x00000000eab00000,0x00000000ec080000)
  from space 3584K, 91% used [0x00000000ec680000,0x00000000ec9b6f70,0x00000000eca00000)
  to   space 3584K, 0% used [0x00000000ec300000,0x00000000ec300000,0x00000000ec680000)
 ParOldGen       total 68608K, used 29572K [0x00000000c0000000, 0x00000000c4300000, 0x00000000eab00000)
  object space 68608K, 43% used [0x00000000c0000000,0x00000000c1ce1280,0x00000000c4300000)
 Metaspace       used 32581K, capacity 34586K, committed 34816K, reserved 1081344K
  class space    used 3076K, capacity 3745K, committed 3840K, reserved 1048576K
}
Event: 3.600 GC heap before
{Heap before GC invocations=14 (full 1):
 PSYoungGen      total 25600K, used 4586K [0x00000000eab00000, 0x00000000eca00000, 0x0000000100000000)
  eden space 22016K, 5% used [0x00000000eab00000,0x00000000eac43bb0,0x00000000ec080000)
  from space 3584K, 91% used [0x00000000ec680000,0x00000000ec9b6f70,0x00000000eca00000)
  to   space 3584K, 0% used [0x00000000ec300000,0x00000000ec300000,0x00000000ec680000)
 ParOldGen       total 68608K, used 29572K [0x00000000c0000000, 0x00000000c4300000, 0x00000000eab00000)
  object space 68608K, 43% used [0x00000000c0000000,0x00000000c1ce1280,0x00000000c4300000)
 Metaspace       used 33311K, capacity 35290K, committed 35328K, reserved 1081344K
  class space    used 3142K, capacity 3809K, committed 3840K, reserved 1048576K
}
Event: 3.605 GC heap after
{Heap after GC invocations=14 (full 1):
 PSYoungGen      total 22528K, used 128K [0x00000000eab00000, 0x00000000ec700000, 0x0000000100000000)
  eden space 22016K, 0% used [0x00000000eab00000,0x00000000eab00000,0x00000000ec080000)
  from space 512K, 25% used [0x00000000ec300000,0x00000000ec320000,0x00000000ec380000)
  to   space 1536K, 0% used [0x00000000ec580000,0x00000000ec580000,0x00000000ec700000)
 ParOldGen       total 68608K, used 32685K [0x00000000c0000000, 0x00000000c4300000, 0x00000000eab00000)
  object space 68608K, 47% used [0x00000000c0000000,0x00000000c1feb588,0x00000000c4300000)
 Metaspace       used 33311K, capacity 35290K, committed 35328K, reserved 1081344K
  class space    used 3142K, capacity 3809K, committed 3840K, reserved 1048576K
}
Event: 3.605 GC heap before
{Heap before GC invocations=15 (full 2):
 PSYoungGen      total 22528K, used 128K [0x00000000eab00000, 0x00000000ec700000, 0x0000000100000000)
  eden space 22016K, 0% used [0x00000000eab00000,0x00000000eab00000,0x00000000ec080000)
  from space 512K, 25% used [0x00000000ec300000,0x00000000ec320000,0x00000000ec380000)
  to   space 1536K, 0% used [0x00000000ec580000,0x00000000ec580000,0x00000000ec700000)
 ParOldGen       total 68608K, used 32685K [0x00000000c0000000, 0x00000000c4300000, 0x00000000eab00000)
  object space 68608K, 47% used [0x00000000c0000000,0x00000000c1feb588,0x00000000c4300000)
 Metaspace       used 33311K, capacity 35290K, committed 35328K, reserved 1081344K
  class space    used 3142K, capacity 3809K, committed 3840K, reserved 1048576K
}
Event: 3.794 GC heap after
{Heap after GC invocations=15 (full 2):
 PSYoungGen      total 22528K, used 0K [0x00000000eab00000, 0x00000000ec700000, 0x0000000100000000)
  eden space 22016K, 0% used [0x00000000eab00000,0x00000000eab00000,0x00000000ec080000)
  from space 512K, 0% used [0x00000000ec300000,0x00000000ec300000,0x00000000ec380000)
  to   space 1536K, 0% used [0x00000000ec580000,0x00000000ec580000,0x00000000ec700000)
 ParOldGen       total 68608K, used 32060K [0x00000000c0000000, 0x00000000c4300000, 0x00000000eab00000)
  object space 68608K, 46% used [0x00000000c0000000,0x00000000c1f4f328,0x00000000c4300000)
 Metaspace       used 33311K, capacity 35290K, committed 35328K, reserved 1081344K
  class space    used 3142K, capacity 3809K, committed 3840K, reserved 1048576K
}

